Compiled jquery.js  (1ms)  (pid 52277)
Compiled jquery_ujs.js  (0ms)  (pid 52277)
Compiled bootstrap-transition.js  (0ms)  (pid 52277)
Compiled bootstrap-affix.js  (0ms)  (pid 52277)
Compiled bootstrap-alert.js  (0ms)  (pid 52277)
Compiled bootstrap-button.js  (0ms)  (pid 52277)
Compiled bootstrap-carousel.js  (0ms)  (pid 52277)
Compiled bootstrap-collapse.js  (0ms)  (pid 52277)
Compiled bootstrap-dropdown.js  (0ms)  (pid 52277)
Compiled bootstrap-modal.js  (0ms)  (pid 52277)
Compiled bootstrap-scrollspy.js  (0ms)  (pid 52277)
Compiled bootstrap-tab.js  (0ms)  (pid 52277)
Compiled bootstrap-tooltip.js  (0ms)  (pid 52277)
Compiled bootstrap-popover.js  (0ms)  (pid 52277)
Compiled bootstrap-typeahead.js  (0ms)  (pid 52277)
Compiled bootstrap.js  (213ms)  (pid 52277)
Compiled guiders.js  (0ms)  (pid 52277)
Compiled jquery.masonry.min.js  (0ms)  (pid 52277)
Compiled jquery.imagesloaded.min.js  (0ms)  (pid 52277)
Compiled application.js  (315ms)  (pid 52277)
Compiled guiders.css  (0ms)  (pid 52277)
Compiled application.css  (1987ms)  (pid 52277)
Compiled jquery.js  (1ms)  (pid 52277)
Compiled jquery_ujs.js  (0ms)  (pid 52277)
Compiled bootstrap-transition.js  (0ms)  (pid 52277)
Compiled bootstrap-affix.js  (0ms)  (pid 52277)
Compiled bootstrap-alert.js  (0ms)  (pid 52277)
Compiled bootstrap-button.js  (0ms)  (pid 52277)
Compiled bootstrap-carousel.js  (0ms)  (pid 52277)
Compiled bootstrap-collapse.js  (0ms)  (pid 52277)
Compiled bootstrap-dropdown.js  (0ms)  (pid 52277)
Compiled bootstrap-modal.js  (0ms)  (pid 52277)
Compiled bootstrap-scrollspy.js  (0ms)  (pid 52277)
Compiled bootstrap-tab.js  (2ms)  (pid 52277)
Compiled bootstrap-tooltip.js  (0ms)  (pid 52277)
Compiled bootstrap-popover.js  (0ms)  (pid 52277)
Compiled bootstrap-typeahead.js  (0ms)  (pid 52277)
Compiled bootstrap.js  (146ms)  (pid 52277)
Compiled guiders.js  (0ms)  (pid 52277)
Compiled jquery.masonry.min.js  (0ms)  (pid 52277)
Compiled jquery.imagesloaded.min.js  (0ms)  (pid 52277)
Compiled application.js  (237ms)  (pid 52277)
Compiled guiders.css  (0ms)  (pid 52277)
Compiled application.css  (2160ms)  (pid 52277)
